<?xml version="1.0" encoding="UTF-8"?>
<testsuite xmlns:xsi="http://www.w3.org/2001/XMLSchema-instance" xsi:noNamespaceSchemaLocation="https://maven.apache.org/surefire/maven-surefire-plugin/xsd/surefire-test-report.xsd" version="3.0.2" name="mk.ukim.finki.wp.lab.Lab1ApplicationTests" time="3.448" tests="1" errors="0" skipped="0" failures="0">
  <properties>
[...]
</properties>
  <testcase name="contextLoads" classname="mk.ukim.finki.wp.lab.Lab1ApplicationTests" time="0.25">
    <system-out><![CDATA[18:36:57.006 [main] INFO org.springframework.test.context.support.AnnotationConfigContextLoaderUtils -- Could not detect default configuration classes for test class [mk.ukim.finki.wp.lab.Lab1ApplicationTests]: Lab1ApplicationTests does not declare any static, non-private, non-final, nested classes annotated with @Configuration.
18:36:57.086 [main] INFO org.springframework.boot.test.context.SpringBootTestContextBootstrapper -- Found @SpringBootConfiguration mk.ukim.finki.wp.lab.Lab1Application for test class mk.ukim.finki.wp.lab.Lab1ApplicationTests
18:36:57.172 [main] INFO org.springframework.boot.devtools.restart.RestartApplicationListener -- Restart disabled due to context in which it is running

  .   ____          _            __ _ _
 /\\ / ___'_ __ _ _(_)_ __  __ _ \ \ \ \
( ( )\___ | '_ | '_| | '_ \/ _` | \ \ \ \
 \\/  ___)| |_)| | | | | || (_| |  ) ) ) )
  '  |____| .__|_| |_|_| |_\__, | / / / /
 =========|_|==============|___/=/_/_/_/

 :: Spring Boot ::                (v3.5.7)

2025-12-21T18:36:57.311+01:00  INFO 4599 --- [lab3] [           main] m.u.finki.wp.lab.Lab1ApplicationTests    : Starting Lab1ApplicationTests using Java 25.0.1 with PID 4599 (started by teodordimeski in /Users/teodordimeski/Documents/Faks/semestar V/veb programiranje/labs/lab4)
2025-12-21T18:36:57.312+01:00  INFO 4599 --- [lab3] [           main] m.u.finki.wp.lab.Lab1ApplicationTests    : The following 1 profile is active: "h2"
2025-12-21T18:36:57.816+01:00  INFO 4599 --- [lab3] [           main] .s.d.r.c.RepositoryConfigurationDelegate : Bootstrapping Spring Data JPA repositories in DEFAULT mode.
2025-12-21T18:36:57.846+01:00  INFO 4599 --- [lab3] [           main] .s.d.r.c.RepositoryConfigurationDelegate : Finished Spring Data repository scanning in 23 ms. Found 2 JPA repository interfaces.
2025-12-21T18:36:58.229+01:00  INFO 4599 --- [lab3] [           main] o.hibernate.jpa.internal.util.LogHelper  : HHH000204: Processing PersistenceUnitInfo [name: default]
2025-12-21T18:36:58.258+01:00  INFO 4599 --- [lab3] [           main] org.hibernate.Version                    : HHH000412: Hibernate ORM core version 6.6.33.Final
2025-12-21T18:36:58.276+01:00  INFO 4599 --- [lab3] [           main] o.h.c.internal.RegionFactoryInitiator    : HHH000026: Second-level cache disabled
2025-12-21T18:36:58.436+01:00  INFO 4599 --- [lab3] [           main] o.s.o.j.p.SpringPersistenceUnitInfo      : No LoadTimeWeaver setup: ignoring JPA class transformer
2025-12-21T18:36:58.449+01:00  INFO 4599 --- [lab3] [           main] com.zaxxer.hikari.HikariDataSource       : HikariPool-1 - Starting...
2025-12-21T18:36:58.528+01:00  INFO 4599 --- [lab3] [           main] com.zaxxer.hikari.pool.HikariPool        : HikariPool-1 - Added connection conn0: url=jdbc:h2:mem:testdb user=SA
2025-12-21T18:36:58.529+01:00  INFO 4599 --- [lab3] [           main] com.zaxxer.hikari.HikariDataSource       : HikariPool-1 - Start completed.
2025-12-21T18:36:58.542+01:00  WARN 4599 --- [lab3] [           main] org.hibernate.orm.deprecation            : HHH90000025: H2Dialect does not need to be specified explicitly using 'hibernate.dialect' (remove the property setting and it will be selected by default)
2025-12-21T18:36:58.552+01:00  INFO 4599 --- [lab3] [           main] org.hibernate.orm.connections.pooling    : HHH10001005: Database info:
	Database JDBC URL [Connecting through datasource 'HikariDataSource (HikariPool-1)']
	Database driver: undefined/unknown
	Database version: 2.3.232
	Autocommit mode: undefined/unknown
	Isolation level: undefined/unknown
	Minimum pool size: undefined/unknown
	Maximum pool size: undefined/unknown
2025-12-21T18:36:59.006+01:00  INFO 4599 --- [lab3] [           main] o.h.e.t.j.p.i.JtaPlatformInitiator       : HHH000489: No JTA platform available (set 'hibernate.transaction.jta.platform' to enable JTA platform integration)
Hibernate: drop table if exists chefs cascade 
Hibernate: drop table if exists dishes cascade 
Hibernate: create table chefs (id bigint generated by default as identity, bio varchar(255), first_name varchar(255), last_name varchar(255), primary key (id))
Hibernate: create table dishes (preparation_time integer not null, chef_id bigint, id bigint generated by default as identity, name varchar(255), cuisine enum ('ASIAN','FUSION','MEDITERRANEAN','MIDDLE_EASTERN','VEGAN','WESTERN'), primary key (id))
Hibernate: alter table if exists dishes add constraint FK4opvsvgc3dm3if05mi4vfuqxr foreign key (chef_id) references chefs
2025-12-21T18:36:59.034+01:00  INFO 4599 --- [lab3] [           main] j.LocalContainerEntityManagerFactoryBean : Initialized JPA EntityManagerFactory for persistence unit 'default'
2025-12-21T18:36:59.347+01:00  WARN 4599 --- [lab3] [           main] JpaBaseConfiguration$JpaWebConfiguration : spring.jpa.open-in-view is enabled by default. Therefore, database queries may be performed during view rendering. Explicitly configure spring.jpa.open-in-view to disable this warning
2025-12-21T18:36:59.596+01:00  INFO 4599 --- [lab3] [           main] o.s.b.a.e.web.EndpointLinksResolver      : Exposing 1 endpoint beneath base path '/actuator'
2025-12-21T18:36:59.715+01:00  INFO 4599 --- [lab3] [           main] r$InitializeUserDetailsManagerConfigurer : Global AuthenticationManager configured with UserDetailsService bean with name userDetailsService
2025-12-21T18:36:59.921+01:00  INFO 4599 --- [lab3] [           main] o.s.b.a.h2.H2ConsoleAutoConfiguration    : H2 console available at '/h2-console'. Database available at 'jdbc:h2:mem:testdb'
2025-12-21T18:36:59.964+01:00  INFO 4599 --- [lab3] [           main] m.u.finki.wp.lab.Lab1ApplicationTests    : Started Lab1ApplicationTests in 2.798 seconds (process running for 3.299)
Hibernate: select c1_0.id,c1_0.bio,c1_0.first_name,c1_0.last_name from chefs c1_0
Hibernate: insert into chefs (bio,first_name,last_name,id) values (?,?,?,default)
Hibernate: insert into chefs (bio,first_name,last_name,id) values (?,?,?,default)
Hibernate: insert into chefs (bio,first_name,last_name,id) values (?,?,?,default)
Hibernate: insert into chefs (bio,first_name,last_name,id) values (?,?,?,default)
Hibernate: insert into chefs (bio,first_name,last_name,id) values (?,?,?,default)
]]></system-out>
    <system-err><![CDATA[Mockito is currently self-attaching to enable the inline-mock-maker. This will no longer work in future releases of the JDK. Please add Mockito as an agent to your build as described in Mockito's documentation: https://javadoc.io/doc/org.mockito/mockito-core/latest/org.mockito/org/mockito/Mockito.html#0.3
WARNING: A Java agent has been loaded dynamically (/Users/teodordimeski/.m2/repository/net/bytebuddy/byte-buddy-agent/1.17.8/byte-buddy-agent-1.17.8.jar)
WARNING: If a serviceability tool is in use, please run with -XX:+EnableDynamicAgentLoading to hide this warning
WARNING: If a serviceability tool is not in use, please run with -Djdk.instrument.traceUsage for more information
WARNING: Dynamic loading of agents will be disallowed by default in a future release
]]></system-err>
  </testcase>
</testsuite>